TN:
SF:src\services\syncService.ts
FN:62,generateUUID
FN:63,(anonymous_1)
FN:74,syncJournalEntry
FN:150,syncStepWork
FN:218,syncDailyCheckIn
FN:242,deleteFromSupabase
FN:276,processSyncQueue
FN:368,(anonymous_7)
FN:394,addToSyncQueue
FNF:9
FNH:8
FNDA:85,generateUUID
FNDA:2635,(anonymous_1)
FNDA:86,syncJournalEntry
FNDA:10,syncStepWork
FNDA:3,syncDailyCheckIn
FNDA:0,deleteFromSupabase
FNDA:21,processSyncQueue
FNDA:3,(anonymous_7)
FNDA:4,addToSyncQueue
DA:63,85
DA:64,2635
DA:65,2635
DA:66,2635
DA:79,86
DA:81,86
DA:86,84
DA:87,6
DA:91,78
DA:94,78
DA:95,78
DA:96,1
DA:99,1
DA:101,0
DA:106,78
DA:118,78
DA:124,78
DA:125,3
DA:126,3
DA:130,75
DA:137,75
DA:138,75
DA:140,2
DA:141,2
DA:142,2
DA:155,10
DA:157,10
DA:162,10
DA:163,2
DA:167,8
DA:172,8
DA:174,8
DA:185,8
DA:191,8
DA:192,1
DA:193,1
DA:197,7
DA:204,7
DA:205,7
DA:207,0
DA:208,0
DA:209,0
DA:223,3
DA:226,3
DA:233,3
DA:247,0
DA:248,0
DA:254,0
DA:255,0
DA:256,0
DA:259,0
DA:260,0
DA:262,0
DA:263,0
DA:264,0
DA:281,21
DA:287,21
DA:290,21
DA:298,20
DA:299,6
DA:300,6
DA:303,14
DA:306,14
DA:310,81
DA:315,1
DA:316,1
DA:319,80
DA:321,76
DA:322,76
DA:324,2
DA:325,2
DA:327,1
DA:328,1
DA:330,1
DA:337,81
DA:339,71
DA:340,71
DA:343,10
DA:344,10
DA:350,10
DA:351,10
DA:356,10
DA:366,81
DA:367,3
DA:368,3
DA:372,14
DA:377,14
DA:379,1
DA:380,1
DA:381,1
DA:400,4
DA:401,4
DA:402,4
DA:404,4
DA:410,3
DA:412,1
DA:413,1
LF:97
LH:83
BRDA:65,0,0,2550
BRDA:65,0,1,85
BRDA:86,1,0,6
BRDA:86,1,1,78
BRDA:91,2,0,78
BRDA:91,2,1,77
BRDA:95,3,0,1
BRDA:95,3,1,77
BRDA:109,4,0,78
BRDA:109,4,1,1
BRDA:124,5,0,3
BRDA:124,5,1,75
BRDA:140,6,0,2
BRDA:140,6,1,0
BRDA:162,7,0,2
BRDA:162,7,1,8
BRDA:172,8,0,8
BRDA:172,8,1,1
BRDA:191,9,0,1
BRDA:191,9,1,7
BRDA:207,10,0,0
BRDA:207,10,1,0
BRDA:254,11,0,0
BRDA:254,11,1,0
BRDA:262,12,0,0
BRDA:262,12,1,0
BRDA:279,13,0,19
BRDA:298,14,0,6
BRDA:298,14,1,14
BRDA:310,15,0,1
BRDA:310,15,1,80
BRDA:319,16,0,76
BRDA:319,16,1,2
BRDA:319,16,2,1
BRDA:319,16,3,1
BRDA:337,17,0,71
BRDA:337,17,1,10
BRDA:348,18,0,10
BRDA:348,18,1,0
BRDA:352,19,0,10
BRDA:352,19,1,0
BRDA:366,20,0,3
BRDA:366,20,1,78
BRDA:380,21,0,1
BRDA:380,21,1,0
BRF:45
BRH:35
end_of_record
TN:
SF:src\utils\encryption.ts
FN:8,generateEncryptionKey
FN:10,(anonymous_1)
FN:18,getEncryptionKey
FN:22,encryptContent
FN:26,(anonymous_4)
FN:33,decryptContent
FN:46,deleteEncryptionKey
FN:51,hasEncryptionKey
FNF:8
FNH:8
FNDA:13,generateEncryptionKey
FNDA:416,(anonymous_1)
FNDA:76,getEncryptionKey
FNDA:43,encryptContent
FNDA:640,(anonymous_4)
FNDA:22,decryptContent
FNDA:5,deleteEncryptionKey
FNDA:8,hasEncryptionKey
DA:5,1
DA:6,1
DA:9,13
DA:10,416
DA:11,13
DA:12,13
DA:13,13
DA:14,12
DA:15,12
DA:19,76
DA:23,43
DA:24,43
DA:25,41
DA:26,640
DA:27,40
DA:28,40
DA:29,40
DA:30,40
DA:34,22
DA:35,22
DA:36,20
DA:37,20
DA:38,16
DA:39,16
DA:40,16
DA:41,16
DA:42,16
DA:43,13
DA:47,5
DA:48,4
DA:52,8
DA:53,8
LF:32
LH:32
BRDA:24,0,0,2
BRDA:24,0,1,41
BRDA:35,1,0,2
BRDA:35,1,1,20
BRDA:37,2,0,4
BRDA:37,2,1,16
BRDA:37,3,0,20
BRDA:37,3,1,19
BRDA:42,4,0,3
BRDA:42,4,1,13
BRDA:53,5,0,8
BRDA:53,5,1,5
BRF:12
BRH:12
end_of_record
