TN:
SF:src\adapters\secureStorage\native.ts
FN:10,(anonymous_0)
FN:14,(anonymous_1)
FN:18,(anonymous_2)
FNF:3
FNH:3
FNDA:76,(anonymous_0)
FNDA:25,(anonymous_1)
FNDA:9,(anonymous_2)
DA:11,76
DA:15,25
DA:19,9
LF:3
LH:3
BRF:0
BRH:0
end_of_record
TN:
SF:src\adapters\secureStorage\types.ts
FNF:0
FNH:0
LF:0
LH:0
BRF:0
BRH:0
end_of_record
TN:
SF:src\adapters\secureStorage\web.ts
FN:22,(anonymous_0)
FN:50,(anonymous_1)
FN:75,(anonymous_2)
FN:96,(anonymous_3)
FNF:4
FNH:0
FNDA:0,(anonymous_0)
FNDA:0,(anonymous_1)
FNDA:0,(anonymous_2)
FNDA:0,(anonymous_3)
DA:11,0
DA:12,0
DA:13,0
DA:16,0
DA:23,0
DA:26,0
DA:34,0
DA:47,0
DA:51,0
DA:52,0
DA:54,0
DA:56,0
DA:57,0
DA:58,0
DA:61,0
DA:62,0
DA:68,0
DA:70,0
DA:71,0
DA:77,0
DA:80,0
DA:81,0
DA:88,0
DA:93,0
DA:97,0
LF:25
LH:0
BRDA:23,0,0,0
BRDA:23,0,1,0
BRDA:52,1,0,0
BRDA:52,1,1,0
BRF:4
BRH:0
end_of_record
TN:
SF:src\adapters\storage\indexeddb.ts
FN:47,(anonymous_0)
FN:55,(anonymous_1)
FN:59,(anonymous_2)
FN:66,(anonymous_3)
FN:71,(anonymous_4)
FN:89,(anonymous_5)
FN:96,(anonymous_6)
FN:103,(anonymous_7)
FN:109,(anonymous_8)
FN:118,(anonymous_9)
FN:132,(anonymous_10)
FN:147,(anonymous_11)
FN:164,(anonymous_12)
FN:179,(anonymous_13)
FN:190,(anonymous_14)
FN:200,(anonymous_15)
FN:225,(anonymous_16)
FNF:17
FNH:0
FNDA:0,(anonymous_0)
FNDA:0,(anonymous_1)
FNDA:0,(anonymous_2)
FNDA:0,(anonymous_3)
FNDA:0,(anonymous_4)
FNDA:0,(anonymous_5)
FNDA:0,(anonymous_6)
FNDA:0,(anonymous_7)
FNDA:0,(anonymous_8)
FNDA:0,(anonymous_9)
FNDA:0,(anonymous_10)
FNDA:0,(anonymous_11)
FNDA:0,(anonymous_12)
FNDA:0,(anonymous_13)
FNDA:0,(anonymous_14)
FNDA:0,(anonymous_15)
FNDA:0,(anonymous_16)
DA:12,0
DA:13,0
DA:14,0
DA:36,0
DA:37,0
DA:39,0
DA:40,0
DA:41,0
DA:43,0
DA:48,0
DA:49,0
DA:56,0
DA:57,0
DA:59,0
DA:60,0
DA:61,0
DA:65,0
DA:66,0
DA:70,0
DA:72,0
DA:73,0
DA:79,0
DA:80,0
DA:81,0
DA:82,0
DA:84,0
DA:87,0
DA:91,0
DA:92,0
DA:93,0
DA:94,0
DA:97,0
DA:100,0
DA:104,0
DA:105,0
DA:106,0
DA:110,0
DA:111,0
DA:112,0
DA:119,0
DA:120,0
DA:121,0
DA:123,0
DA:125,0
DA:126,0
DA:133,0
DA:134,0
DA:136,0
DA:137,0
DA:140,0
DA:141,0
DA:143,0
DA:148,0
DA:149,0
DA:150,0
DA:151,0
DA:153,0
DA:154,0
DA:155,0
DA:156,0
DA:158,0
DA:160,0
DA:165,0
DA:166,0
DA:167,0
DA:168,0
DA:170,0
DA:171,0
DA:173,0
DA:175,0
DA:180,0
DA:181,0
DA:182,0
DA:185,0
DA:186,0
DA:191,0
DA:192,0
DA:195,0
DA:196,0
DA:201,0
DA:202,0
DA:206,0
DA:208,0
DA:209,0
DA:211,0
DA:212,0
DA:213,0
DA:214,0
DA:216,0
DA:219,0
DA:221,0
DA:222,0
DA:224,0
DA:225,0
DA:226,0
DA:228,0
DA:230,0
DA:233,0
DA:234,0
DA:235,0
DA:237,0
DA:238,0
DA:243,0
DA:245,0
LF:104
LH:0
BRDA:47,0,0,0
BRDA:48,1,0,0
BRDA:48,1,1,0
BRDA:49,2,0,0
BRDA:49,2,1,0
BRDA:56,3,0,0
BRDA:56,3,1,0
BRDA:57,4,0,0
BRDA:57,4,1,0
BRDA:60,5,0,0
BRDA:60,5,1,0
BRDA:72,6,0,0
BRDA:72,6,1,0
BRDA:80,7,0,0
BRDA:80,7,1,0
BRDA:81,8,0,0
BRDA:81,8,1,0
BRDA:105,9,0,0
BRDA:105,9,1,0
BRDA:111,10,0,0
BRDA:111,10,1,0
BRDA:121,11,0,0
BRDA:121,11,1,0
BRDA:121,12,0,0
BRDA:121,12,1,0
BRDA:151,13,0,0
BRDA:151,13,1,0
BRDA:168,14,0,0
BRDA:168,14,1,0
BRDA:170,15,0,0
BRDA:170,15,1,0
BRDA:181,16,0,0
BRDA:181,16,1,0
BRDA:185,17,0,0
BRDA:185,17,1,0
BRDA:195,18,0,0
BRDA:195,18,1,0
BRDA:213,19,0,0
BRDA:213,19,1,0
BRDA:221,20,0,0
BRDA:221,20,1,0
BRDA:234,21,0,0
BRDA:234,21,1,0
BRF:43
BRH:0
end_of_record
TN:
SF:src\adapters\storage\sqlite.ts
FN:10,(anonymous_0)
FN:12,(anonymous_1)
FN:16,(anonymous_2)
FN:20,(anonymous_3)
FN:24,(anonymous_4)
FN:28,(anonymous_5)
FNF:6
FNH:0
FNDA:0,(anonymous_0)
FNDA:0,(anonymous_1)
FNDA:0,(anonymous_2)
FNDA:0,(anonymous_3)
FNDA:0,(anonymous_4)
FNDA:0,(anonymous_5)
DA:13,0
DA:17,0
DA:21,0
DA:25,0
DA:29,0
LF:5
LH:0
BRDA:13,0,0,0
BRDA:13,0,1,0
BRDA:17,1,0,0
BRDA:17,1,1,0
BRDA:21,2,0,0
BRDA:21,2,1,0
BRF:6
BRH:0
end_of_record
TN:
SF:src\adapters\storage\types.ts
FNF:0
FNH:0
LF:0
LH:0
BRF:0
BRH:0
end_of_record
TN:
SF:src\components\Button.tsx
FN:41,Button
FNF:1
FNH:0
FNDA:0,Button
DA:29,0
DA:35,0
DA:54,0
DA:55,0
DA:57,0
DA:59,0
DA:95,0
LF:7
LH:0
BRDA:44,0,0,0
BRDA:45,1,0,0
BRDA:46,2,0,0
BRDA:47,3,0,0
BRDA:48,4,0,0
BRDA:54,5,0,0
BRDA:54,5,1,0
BRDA:55,6,0,0
BRDA:55,6,1,0
BRDA:65,7,0,0
BRDA:65,7,1,0
BRDA:66,8,0,0
BRDA:66,8,1,0
BRDA:72,9,0,0
BRDA:72,9,1,0
BRDA:77,10,0,0
BRDA:77,10,1,0
BRF:17
BRH:0
end_of_record
TN:
SF:src\components\ErrorBoundary.tsx
FN:26,(anonymous_0)
FN:34,(anonymous_1)
FN:42,(anonymous_2)
FN:51,(anonymous_3)
FN:64,(anonymous_4)
FNF:5
FNH:5
FNDA:10,(anonymous_0)
FNDA:8,(anonymous_1)
FNDA:4,(anonymous_2)
FNDA:2,(anonymous_3)
FNDA:19,(anonymous_4)
DA:27,10
DA:28,9
DA:36,8
DA:44,4
DA:51,9
DA:52,2
DA:54,1
DA:57,1
DA:65,19
DA:66,8
DA:93,11
DA:97,1
LF:12
LH:12
BRDA:52,0,0,1
BRDA:52,0,1,1
BRDA:65,1,0,8
BRDA:65,1,1,11
BRDA:74,2,0,8
BRDA:74,2,1,8
BRDA:74,2,2,8
BRF:7
BRH:7
end_of_record
TN:
SF:src\components\Input.tsx
FN:27,(anonymous_0)
FN:74,(anonymous_1)
FN:75,(anonymous_2)
FN:85,(anonymous_3)
FNF:4
FNH:0
FNDA:0,(anonymous_0)
FNDA:0,(anonymous_1)
FNDA:0,(anonymous_2)
FNDA:0,(anonymous_3)
DA:27,0
DA:43,0
DA:44,0
DA:46,0
DA:47,0
DA:49,0
DA:74,0
DA:75,0
DA:85,0
DA:101,0
LF:10
LH:0
BRDA:36,0,0,0
BRDA:37,1,0,0
BRDA:39,2,0,0
BRDA:40,3,0,0
BRDA:47,4,0,0
BRDA:47,4,1,0
BRDA:53,5,0,0
BRDA:53,5,1,0
BRDA:60,6,0,0
BRDA:60,6,1,0
BRDA:61,7,0,0
BRDA:61,7,1,0
BRDA:62,8,0,0
BRDA:62,8,1,0
BRDA:63,9,0,0
BRDA:63,9,1,0
BRDA:65,10,0,0
BRDA:65,10,1,0
BRDA:82,11,0,0
BRDA:82,11,1,0
BRDA:86,12,0,0
BRDA:86,12,1,0
BRDA:90,13,0,0
BRDA:90,13,1,0
BRDA:95,14,0,0
BRDA:95,14,1,0
BRDA:96,15,0,0
BRDA:96,15,1,0
BRDA:96,15,2,0
BRF:29
BRH:0
end_of_record
TN:
SF:src\components\LoadingSpinner.tsx
FN:13,LoadingSpinner
FNF:1
FNH:0
FNDA:0,LoadingSpinner
DA:21,0
DA:33,0
DA:34,0
DA:41,0
DA:53,0
LF:5
LH:0
BRDA:15,0,0,0
BRDA:16,1,0,0
BRDA:17,2,0,0
BRDA:27,3,0,0
BRDA:27,3,1,0
BRDA:33,4,0,0
BRDA:33,4,1,0
BRDA:46,5,0,0
BRDA:46,5,1,0
BRF:9
BRH:0
end_of_record
TN:
SF:src\components\Slider.tsx
FN:8,Slider
FNF:1
FNH:0
FNDA:0,Slider
DA:9,0
LF:1
LH:0
BRF:0
BRH:0
end_of_record
TN:
SF:src\contexts\AuthContext.tsx
FN:22,AuthProvider
FN:30,(anonymous_1)
FN:32,(anonymous_2)
FN:33,(anonymous_3)
FN:45,(anonymous_4)
FN:46,(anonymous_5)
FN:54,(anonymous_6)
FN:57,(anonymous_7)
FN:58,(anonymous_8)
FN:61,(anonymous_9)
FN:62,(anonymous_10)
FN:70,(anonymous_11)
FN:73,(anonymous_12)
FN:77,(anonymous_13)
FN:78,(anonymous_14)
FN:86,(anonymous_15)
FN:89,(anonymous_16)
FN:93,(anonymous_17)
FN:94,(anonymous_18)
FN:99,(anonymous_19)
FN:102,(anonymous_20)
FN:106,(anonymous_21)
FN:107,(anonymous_22)
FN:112,(anonymous_23)
FN:115,(anonymous_24)
FN:131,useAuth
FNF:26
FNH:0
FNDA:0,AuthProvider
FNDA:0,(anonymous_1)
FNDA:0,(anonymous_2)
FNDA:0,(anonymous_3)
FNDA:0,(anonymous_4)
FNDA:0,(anonymous_5)
FNDA:0,(anonymous_6)
FNDA:0,(anonymous_7)
FNDA:0,(anonymous_8)
FNDA:0,(anonymous_9)
FNDA:0,(anonymous_10)
FNDA:0,(anonymous_11)
FNDA:0,(anonymous_12)
FNDA:0,(anonymous_13)
FNDA:0,(anonymous_14)
FNDA:0,(anonymous_15)
FNDA:0,(anonymous_16)
FNDA:0,(anonymous_17)
FNDA:0,(anonymous_18)
FNDA:0,(anonymous_19)
FNDA:0,(anonymous_20)
FNDA:0,(anonymous_21)
FNDA:0,(anonymous_22)
FNDA:0,(anonymous_23)
FNDA:0,(anonymous_24)
FNDA:0,useAuth
DA:20,0
DA:23,0
DA:30,0
DA:32,0
DA:33,0
DA:45,0
DA:46,0
DA:54,0
DA:57,0
DA:58,0
DA:61,0
DA:62,0
DA:63,0
DA:64,0
DA:68,0
DA:70,0
DA:71,0
DA:73,0
DA:77,0
DA:78,0
DA:79,0
DA:80,0
DA:84,0
DA:86,0
DA:87,0
DA:89,0
DA:93,0
DA:94,0
DA:95,0
DA:96,0
DA:97,0
DA:99,0
DA:100,0
DA:102,0
DA:106,0
DA:107,0
DA:108,0
DA:109,0
DA:110,0
DA:112,0
DA:113,0
DA:115,0
DA:119,0
DA:128,0
DA:132,0
DA:133,0
DA:134,0
DA:136,0
LF:48
LH:0
BRDA:36,0,0,0
BRDA:36,0,1,0
BRDA:38,1,0,0
BRDA:38,1,1,0
BRDA:49,2,0,0
BRDA:49,2,1,0
BRDA:68,3,0,0
BRDA:68,3,1,0
BRDA:84,4,0,0
BRDA:84,4,1,0
BRDA:97,5,0,0
BRDA:97,5,1,0
BRDA:110,6,0,0
BRDA:110,6,1,0
BRDA:133,7,0,0
BRDA:133,7,1,0
BRF:16
BRH:0
end_of_record
TN:
SF:src\contexts\DatabaseContext.tsx
FN:16,useDatabase
FN:29,DatabaseProvider
FN:41,MobileDatabaseProvider
FN:45,(anonymous_3)
FN:46,loadSQLite
FN:49,(anonymous_5)
FN:64,(anonymous_6)
FN:80,WebDatabaseProvider
FN:84,(anonymous_8)
FN:85,setupAdapter
FNF:10
FNH:0
FNDA:0,useDatabase
FNDA:0,DatabaseProvider
FNDA:0,MobileDatabaseProvider
FNDA:0,(anonymous_3)
FNDA:0,loadSQLite
FNDA:0,(anonymous_5)
FNDA:0,(anonymous_6)
FNDA:0,WebDatabaseProvider
FNDA:0,(anonymous_8)
FNDA:0,setupAdapter
DA:11,0
DA:17,0
DA:30,0
DA:31,0
DA:35,0
DA:42,0
DA:43,0
DA:45,0
DA:48,0
DA:49,0
DA:51,0
DA:55,0
DA:56,0
DA:59,0
DA:61,0
DA:65,0
DA:66,0
DA:67,0
DA:81,0
DA:82,0
DA:84,0
DA:86,0
DA:87,0
DA:88,0
DA:89,0
DA:90,0
DA:91,0
DA:92,0
DA:94,0
DA:95,0
DA:97,0
DA:100,0
DA:103,0
DA:104,0
DA:107,0
LF:35
LH:0
BRDA:30,0,0,0
BRDA:30,0,1,0
BRDA:55,1,0,0
BRDA:55,1,1,0
BRDA:103,2,0,0
BRDA:103,2,1,0
BRF:6
BRH:0
end_of_record
TN:
SF:src\contexts\SyncContext.tsx
FN:26,SyncProvider
FN:42,(anonymous_1)
FN:49,(anonymous_2)
FN:58,(anonymous_3)
FN:66,(anonymous_4)
FN:78,(anonymous_5)
FN:89,(anonymous_6)
FN:100,(anonymous_7)
FN:108,(anonymous_8)
FN:109,(anonymous_9)
FN:115,(anonymous_10)
FN:116,(anonymous_11)
FN:119,(anonymous_12)
FN:138,(anonymous_13)
FN:144,(anonymous_14)
FN:151,(anonymous_15)
FN:158,(anonymous_16)
FN:169,(anonymous_17)
FN:172,(anonymous_18)
FN:179,(anonymous_19)
FN:191,useSync
FNF:21
FNH:0
FNDA:0,SyncProvider
FNDA:0,(anonymous_1)
FNDA:0,(anonymous_2)
FNDA:0,(anonymous_3)
FNDA:0,(anonymous_4)
FNDA:0,(anonymous_5)
FNDA:0,(anonymous_6)
FNDA:0,(anonymous_7)
FNDA:0,(anonymous_8)
FNDA:0,(anonymous_9)
FNDA:0,(anonymous_10)
FNDA:0,(anonymous_11)
FNDA:0,(anonymous_12)
FNDA:0,(anonymous_13)
FNDA:0,(anonymous_14)
FNDA:0,(anonymous_15)
FNDA:0,(anonymous_16)
FNDA:0,(anonymous_17)
FNDA:0,(anonymous_18)
FNDA:0,(anonymous_19)
FNDA:0,useSync
DA:22,0
DA:24,0
DA:27,0
DA:28,0
DA:29,0
DA:31,0
DA:42,0
DA:43,0
DA:45,0
DA:46,0
DA:49,0
DA:51,0
DA:58,0
DA:59,0
DA:60,0
DA:61,0
DA:64,0
DA:65,0
DA:66,0
DA:70,0
DA:73,0
DA:74,0
DA:75,0
DA:78,0
DA:80,0
DA:81,0
DA:82,0
DA:84,0
DA:89,0
DA:97,0
DA:99,0
DA:100,0
DA:108,0
DA:109,0
DA:115,0
DA:116,0
DA:117,0
DA:119,0
DA:120,0
DA:121,0
DA:123,0
DA:129,0
DA:130,0
DA:131,0
DA:134,0
DA:138,0
DA:144,0
DA:145,0
DA:148,0
DA:151,0
DA:152,0
DA:153,0
DA:154,0
DA:158,0
DA:159,0
DA:160,0
DA:161,0
DA:169,0
DA:170,0
DA:172,0
DA:173,0
DA:174,0
DA:175,0
DA:179,0
DA:182,0
DA:188,0
DA:192,0
DA:193,0
DA:194,0
DA:196,0
LF:70
LH:0
BRDA:43,0,0,0
BRDA:43,0,1,0
BRDA:49,1,0,0
BRDA:49,1,1,0
BRDA:59,2,0,0
BRDA:59,2,1,0
BRDA:64,3,0,0
BRDA:64,3,1,0
BRDA:73,4,0,0
BRDA:73,4,1,0
BRDA:93,5,0,0
BRDA:93,5,1,0
BRDA:103,6,0,0
BRDA:103,6,1,0
BRDA:117,7,0,0
BRDA:117,7,1,0
BRDA:129,8,0,0
BRDA:129,8,1,0
BRDA:129,9,0,0
BRDA:129,9,1,0
BRDA:129,9,2,0
BRDA:145,10,0,0
BRDA:145,10,1,0
BRDA:152,11,0,0
BRDA:152,11,1,0
BRDA:152,12,0,0
BRDA:152,12,1,0
BRDA:159,13,0,0
BRDA:159,13,1,0
BRDA:170,14,0,0
BRDA:170,14,1,0
BRDA:173,15,0,0
BRDA:173,15,1,0
BRDA:173,16,0,0
BRDA:173,16,1,0
BRDA:173,16,2,0
BRDA:193,17,0,0
BRDA:193,17,1,0
BRF:38
BRH:0
end_of_record
TN:
SF:src\features\auth\screens\LoginScreen.tsx
FN:23,LoginScreen
FN:32,(anonymous_1)
FN:51,(anonymous_2)
FN:91,(anonymous_3)
FN:93,(anonymous_4)
FN:100,(anonymous_5)
FN:109,(anonymous_6)
FN:111,(anonymous_7)
FN:133,(anonymous_8)
FNF:9
FNH:0
FNDA:0,LoginScreen
FNDA:0,(anonymous_1)
FNDA:0,(anonymous_2)
FNDA:0,(anonymous_3)
FNDA:0,(anonymous_4)
FNDA:0,(anonymous_5)
FNDA:0,(anonymous_6)
FNDA:0,(anonymous_7)
FNDA:0,(anonymous_8)
DA:24,0
DA:25,0
DA:26,0
DA:27,0
DA:29,0
DA:30,0
DA:32,0
DA:33,0
DA:35,0
DA:36,0
DA:37,0
DA:38,0
DA:41,0
DA:42,0
DA:43,0
DA:44,0
DA:47,0
DA:48,0
DA:51,0
DA:52,0
DA:54,0
DA:55,0
DA:57,0
DA:58,0
DA:61,0
DA:62,0
DA:64,0
DA:68,0
DA:92,0
DA:93,0
DA:100,0
DA:110,0
DA:111,0
DA:133,0
DA:146,0
LF:35
LH:0
BRDA:35,0,0,0
BRDA:35,0,1,0
BRDA:37,1,0,0
BRDA:37,1,1,0
BRDA:41,2,0,0
BRDA:41,2,1,0
BRDA:43,3,0,0
BRDA:43,3,1,0
BRDA:52,4,0,0
BRDA:52,4,1,0
BRDA:61,5,0,0
BRDA:61,5,1,0
BRDA:71,6,0,0
BRDA:71,6,1,0
BRDA:73,7,0,0
BRDA:73,7,1,0
BRDA:93,8,0,0
BRDA:93,8,1,0
BRDA:111,9,0,0
BRDA:111,9,1,0
BRF:20
BRH:0
end_of_record
TN:
SF:src\features\auth\screens\OnboardingScreen.tsx
FN:20,OnboardingScreen
FN:30,(anonymous_1)
FN:77,(anonymous_2)
FN:109,(anonymous_3)
FN:136,(anonymous_4)
FN:152,(anonymous_5)
FN:202,FeatureItem
FNF:7
FNH:0
FNDA:0,OnboardingScreen
FNDA:0,(anonymous_1)
FNDA:0,(anonymous_2)
FNDA:0,(anonymous_3)
FNDA:0,(anonymous_4)
FNDA:0,(anonymous_5)
FNDA:0,FeatureItem
DA:21,0
DA:22,0
DA:23,0
DA:25,0
DA:26,0
DA:28,0
DA:30,0
DA:31,0
DA:32,0
DA:33,0
DA:36,0
DA:38,0
DA:40,0
DA:43,0
DA:53,0
DA:56,0
DA:70,0
DA:71,0
DA:73,0
DA:77,0
DA:78,0
DA:86,0
DA:109,0
DA:137,0
DA:138,0
DA:140,0
DA:141,0
DA:152,0
DA:203,0
DA:214,0
LF:30
LH:0
BRDA:31,0,0,0
BRDA:31,0,1,0
BRDA:31,1,0,0
BRDA:31,1,1,0
BRDA:53,2,0,0
BRDA:53,2,1,0
BRDA:61,3,0,0
BRDA:61,3,1,0
BRDA:70,4,0,0
BRDA:70,4,1,0
BRDA:114,5,0,0
BRDA:114,5,1,0
BRDA:118,6,0,0
BRDA:118,6,1,0
BRDA:121,7,0,0
BRDA:121,7,1,0
BRDA:123,8,0,0
BRDA:123,8,1,0
BRDA:131,9,0,0
BRDA:131,9,1,0
BRDA:135,10,0,0
BRDA:135,10,1,0
BRDA:137,11,0,0
BRDA:137,11,1,0
BRDA:140,12,0,0
BRDA:140,12,1,0
BRDA:149,13,0,0
BRDA:149,13,1,0
BRDA:149,13,2,0
BRF:29
BRH:0
end_of_record
TN:
SF:src\features\auth\screens\SignUpScreen.tsx
FN:29,SignUpScreen
FN:40,(anonymous_1)
FN:42,(anonymous_2)
FN:46,(anonymous_3)
FN:72,(anonymous_4)
FN:112,(anonymous_5)
FN:121,(anonymous_6)
FN:131,(anonymous_7)
FN:139,(anonymous_8)
FN:150,(anonymous_9)
FN:183,(anonymous_10)
FNF:11
FNH:0
FNDA:0,SignUpScreen
FNDA:0,(anonymous_1)
FNDA:0,(anonymous_2)
FNDA:0,(anonymous_3)
FNDA:0,(anonymous_4)
FNDA:0,(anonymous_5)
FNDA:0,(anonymous_6)
FNDA:0,(anonymous_7)
FNDA:0,(anonymous_8)
FNDA:0,(anonymous_9)
FNDA:0,(anonymous_10)
DA:30,0
DA:31,0
DA:32,0
DA:33,0
DA:34,0
DA:36,0
DA:37,0
DA:38,0
DA:40,0
DA:41,0
DA:42,0
DA:46,0
DA:47,0
DA:49,0
DA:50,0
DA:51,0
DA:52,0
DA:55,0
DA:56,0
DA:57,0
DA:58,0
DA:59,0
DA:62,0
DA:63,0
DA:64,0
DA:65,0
DA:68,0
DA:69,0
DA:72,0
DA:73,0
DA:75,0
DA:76,0
DA:78,0
DA:79,0
DA:82,0
DA:83,0
DA:85,0
DA:89,0
DA:113,0
DA:114,0
DA:121,0
DA:132,0
DA:133,0
DA:139,0
DA:151,0
DA:152,0
DA:183,0
DA:196,0
LF:48
LH:0
BRDA:41,0,0,0
BRDA:41,0,1,0
BRDA:49,1,0,0
BRDA:49,1,1,0
BRDA:51,2,0,0
BRDA:51,2,1,0
BRDA:56,3,0,0
BRDA:56,3,1,0
BRDA:58,4,0,0
BRDA:58,4,1,0
BRDA:62,5,0,0
BRDA:62,5,1,0
BRDA:64,6,0,0
BRDA:64,6,1,0
BRDA:73,7,0,0
BRDA:73,7,1,0
BRDA:82,8,0,0
BRDA:82,8,1,0
BRDA:92,9,0,0
BRDA:92,9,1,0
BRDA:94,10,0,0
BRDA:94,10,1,0
BRF:22
BRH:0
end_of_record
TN:
SF:src\features\emergency\screens\EmergencyScreen.tsx
FN:29,EmergencyScreen
FN:30,(anonymous_1)
FN:52,(anonymous_2)
FN:63,(anonymous_3)
FNF:4
FNH:0
FNDA:0,EmergencyScreen
FNDA:0,(anonymous_1)
FNDA:0,(anonymous_2)
FNDA:0,(anonymous_3)
DA:11,0
DA:30,0
DA:31,0
DA:32,0
DA:35,0
DA:53,0
DA:63,0
DA:142,0
LF:8
LH:0
BRF:0
BRH:0
end_of_record
TN:
SF:src\features\home\components\CleanTimeTracker.tsx
FN:15,CleanTimeTracker
FNF:1
FNH:0
FNDA:0,CleanTimeTracker
DA:23,0
DA:24,0
DA:33,0
DA:34,0
DA:36,0
DA:110,0
LF:6
LH:0
BRDA:23,0,0,0
BRDA:23,0,1,0
BRDA:33,1,0,0
BRDA:33,1,1,0
BRDA:34,2,0,0
BRDA:34,2,1,0
BRDA:81,3,0,0
BRDA:81,3,1,0
BRF:8
BRH:0
end_of_record
TN:
SF:src\features\home\components\DailyCheckInCard.tsx
FN:14,DailyCheckInCard
FN:22,(anonymous_1)
FN:26,(anonymous_2)
FNF:3
FNH:0
FNDA:0,DailyCheckInCard
FNDA:0,(anonymous_1)
FNDA:0,(anonymous_2)
DA:20,0
DA:22,0
DA:23,0
DA:26,0
DA:27,0
DA:30,0
DA:31,0
DA:40,0
DA:134,0
LF:9
LH:0
BRDA:30,0,0,0
BRDA:30,0,1,0
BRDA:57,1,0,0
BRDA:57,1,1,0
BRDA:92,2,0,0
BRDA:92,2,1,0
BRDA:119,3,0,0
BRDA:119,3,1,0
BRDA:119,3,2,0
BRF:9
BRH:0
end_of_record
TN:
SF:src\features\home\components\QuickActions.tsx
FN:50,QuickActions
FN:53,(anonymous_1)
FN:65,(anonymous_2)
FN:69,(anonymous_3)
FNF:4
FNH:0
FNDA:0,QuickActions
FNDA:0,(anonymous_1)
FNDA:0,(anonymous_2)
FNDA:0,(anonymous_3)
DA:19,0
DA:51,0
DA:53,0
DA:54,0
DA:57,0
DA:66,0
DA:69,0
DA:88,0
LF:8
LH:0
BRF:0
BRH:0
end_of_record
TN:
SF:src\features\home\components\SyncStatusIndicator.tsx
FN:7,SyncStatusIndicator
FN:11,(anonymous_1)
FN:56,(anonymous_2)
FN:73,(anonymous_3)
FNF:4
FNH:4
FNDA:53,SyncStatusIndicator
FNDA:53,(anonymous_1)
FNDA:12,(anonymous_2)
FNDA:5,(anonymous_3)
DA:8,53
DA:11,53
DA:12,53
DA:13,7
DA:21,46
DA:22,8
DA:30,38
DA:31,6
DA:39,32
DA:40,11
DA:48,21
DA:56,53
DA:57,12
DA:58,12
DA:59,12
DA:61,12
DA:62,10
DA:64,6
DA:65,6
DA:67,2
DA:68,2
DA:71,53
DA:73,53
DA:74,5
DA:75,3
DA:79,53
DA:101,1
LF:27
LH:27
BRDA:12,0,0,7
BRDA:12,0,1,46
BRDA:21,1,0,8
BRDA:21,1,1,38
BRDA:26,2,0,6
BRDA:26,2,1,2
BRDA:30,3,0,6
BRDA:30,3,1,32
BRDA:39,4,0,11
BRDA:39,4,1,21
BRDA:52,5,0,12
BRDA:52,5,1,9
BRDA:61,6,0,2
BRDA:61,6,1,10
BRDA:62,7,0,4
BRDA:62,7,1,6
BRDA:65,8,0,4
BRDA:65,8,1,2
BRDA:74,9,0,3
BRDA:74,9,1,2
BRDA:74,10,0,5
BRDA:74,10,1,4
BRDA:83,11,0,53
BRDA:83,11,1,44
BRDA:87,12,0,9
BRDA:87,12,1,44
BRF:26
BRH:26
end_of_record
TN:
SF:src\features\home\hooks\useCheckIns.ts
FN:11,decryptCheckIn
FN:34,useTodayCheckIns
FN:45,(anonymous_2)
FN:53,(anonymous_3)
FN:54,(anonymous_4)
FN:75,useCreateCheckIn
FN:83,(anonymous_6)
FN:109,(anonymous_7)
FN:124,useStreak
FN:134,(anonymous_9)
FN:141,(anonymous_10)
FNF:11
FNH:0
FNDA:0,decryptCheckIn
FNDA:0,useTodayCheckIns
FNDA:0,(anonymous_2)
FNDA:0,(anonymous_3)
FNDA:0,(anonymous_4)
FNDA:0,useCreateCheckIn
FNDA:0,(anonymous_6)
FNDA:0,(anonymous_7)
FNDA:0,useStreak
FNDA:0,(anonymous_9)
FNDA:0,(anonymous_10)
DA:12,0
DA:13,0
DA:14,0
DA:15,0
DA:17,0
DA:40,0
DA:41,0
DA:43,0
DA:46,0
DA:47,0
DA:52,0
DA:53,0
DA:54,0
DA:56,0
DA:58,0
DA:59,0
DA:64,0
DA:79,0
DA:80,0
DA:82,0
DA:84,0
DA:85,0
DA:86,0
DA:87,0
DA:89,0
DA:90,0
DA:91,0
DA:92,0
DA:94,0
DA:101,0
DA:103,0
DA:105,0
DA:106,0
DA:110,0
DA:111,0
DA:115,0
DA:130,0
DA:132,0
DA:135,0
DA:136,0
DA:141,0
DA:142,0
DA:143,0
DA:144,0
DA:146,0
DA:147,0
DA:149,0
DA:150,0
DA:151,0
DA:153,0
DA:154,0
DA:155,0
DA:156,0
DA:158,0
DA:160,0
DA:161,0
DA:162,0
DA:163,0
DA:167,0
DA:169,0
DA:175,0
DA:176,0
DA:181,0
LF:63
LH:0
BRDA:12,0,0,0
BRDA:12,0,1,0
BRDA:13,1,0,0
BRDA:13,1,1,0
BRDA:14,2,0,0
BRDA:14,2,1,0
BRDA:15,3,0,0
BRDA:15,3,1,0
BRDA:53,4,0,0
BRDA:53,4,1,0
BRDA:54,5,0,0
BRDA:54,5,1,0
BRDA:65,6,0,0
BRDA:65,6,1,0
BRDA:66,7,0,0
BRDA:66,7,1,0
BRDA:89,8,0,0
BRDA:89,8,1,0
BRDA:90,9,0,0
BRDA:90,9,1,0
BRDA:91,10,0,0
BRDA:91,10,1,0
BRDA:92,11,0,0
BRDA:92,11,1,0
BRDA:153,12,0,0
BRDA:153,12,1,0
BRDA:155,13,0,0
BRDA:155,13,1,0
BRDA:155,14,0,0
BRDA:155,14,1,0
BRDA:155,14,2,0
BRDA:182,15,0,0
BRDA:182,15,1,0
BRDA:183,16,0,0
BRDA:183,16,1,0
BRDA:184,17,0,0
BRDA:184,17,1,0
BRF:37
BRH:0
end_of_record
TN:
SF:src\features\home\hooks\useCleanTime.ts
FN:25,calculateCleanTime
FN:51,useCleanTime
FN:65,(anonymous_2)
FN:77,(anonymous_3)
FN:78,(anonymous_4)
FN:108,useMilestones
FN:114,(anonymous_6)
FN:126,(anonymous_7)
FN:134,(anonymous_8)
FN:135,(anonymous_9)
FNF:10
FNH:0
FNDA:0,calculateCleanTime
FNDA:0,useCleanTime
FNDA:0,(anonymous_2)
FNDA:0,(anonymous_3)
FNDA:0,(anonymous_4)
FNDA:0,useMilestones
FNDA:0,(anonymous_6)
FNDA:0,(anonymous_7)
FNDA:0,(anonymous_8)
FNDA:0,(anonymous_9)
DA:9,0
DA:31,0
DA:32,0
DA:33,0
DA:35,0
DA:36,0
DA:37,0
DA:38,0
DA:40,0
DA:61,0
DA:63,0
DA:66,0
DA:67,0
DA:72,0
DA:73,0
DA:76,0
DA:77,0
DA:78,0
DA:80,0
DA:86,0
DA:87,0
DA:93,0
DA:112,0
DA:114,0
DA:115,0
DA:116,0
DA:121,0
DA:122,0
DA:125,0
DA:126,0
DA:129,0
DA:134,0
DA:135,0
DA:138,0
DA:139,0
DA:140,0
DA:142,0
DA:147,0
DA:150,0
DA:152,0
DA:153,0
DA:157,0
LF:42
LH:0
BRDA:72,0,0,0
BRDA:72,0,1,0
BRDA:77,1,0,0
BRDA:77,1,1,0
BRDA:94,2,0,0
BRDA:94,2,1,0
BRDA:95,3,0,0
BRDA:95,3,1,0
BRDA:96,4,0,0
BRDA:96,4,1,0
BRDA:97,5,0,0
BRDA:97,5,1,0
BRDA:98,6,0,0
BRDA:98,6,1,0
BRDA:99,7,0,0
BRDA:99,7,1,0
BRDA:121,8,0,0
BRDA:121,8,1,0
BRF:18
BRH:0
end_of_record
TN:
SF:src\features\home\screens\EveningPulseScreen.tsx
FN:13,EveningPulseScreen
FN:22,(anonymous_1)
FNF:2
FNH:0
FNDA:0,EveningPulseScreen
FNDA:0,(anonymous_1)
DA:14,0
DA:15,0
DA:16,0
DA:18,0
DA:19,0
DA:20,0
DA:22,0
DA:23,0
DA:24,0
DA:30,0
DA:36,0
DA:128,0
LF:12
LH:0
BRDA:46,0,0,0
BRDA:46,0,1,0
BRDA:46,0,2,0
BRDA:101,1,0,0
BRDA:101,1,1,0
BRDA:115,2,0,0
BRDA:115,2,1,0
BRF:7
BRH:0
end_of_record
TN:
SF:src\features\home\screens\HomeScreen.tsx
FN:17,HomeScreen
FN:22,(anonymous_1)
FNF:2
FNH:0
FNDA:0,HomeScreen
FNDA:0,(anonymous_1)
DA:18,0
DA:19,0
DA:20,0
DA:22,0
DA:23,0
DA:26,0
DA:77,0
LF:7
LH:0
BRF:0
BRH:0
end_of_record
TN:
SF:src\features\home\screens\MorningIntentionScreen.tsx
FN:13,MorningIntentionScreen
FN:20,(anonymous_1)
FNF:2
FNH:0
FNDA:0,MorningIntentionScreen
FNDA:0,(anonymous_1)
DA:14,0
DA:15,0
DA:17,0
DA:18,0
DA:20,0
DA:21,0
DA:22,0
DA:27,0
DA:33,0
DA:93,0
LF:10
LH:0
BRDA:80,0,0,0
BRDA:80,0,1,0
BRF:2
BRH:0
end_of_record
TN:
SF:src\features\journal\components\JournalCard.tsx
FN:34,JournalCard
FN:35,(anonymous_1)
FN:47,(anonymous_2)
FN:95,(anonymous_3)
FNF:4
FNH:0
FNDA:0,JournalCard
FNDA:0,(anonymous_1)
FNDA:0,(anonymous_2)
FNDA:0,(anonymous_3)
DA:12,0
DA:20,0
DA:35,0
DA:36,0
DA:37,0
DA:38,0
DA:39,0
DA:41,0
DA:42,0
DA:43,0
DA:44,0
DA:47,0
DA:48,0
DA:49,0
DA:52,0
DA:96,0
DA:112,0
LF:17
LH:0
BRDA:41,0,0,0
BRDA:41,0,1,0
BRDA:42,1,0,0
BRDA:42,1,1,0
BRDA:43,2,0,0
BRDA:43,2,1,0
BRDA:47,3,0,0
BRDA:48,4,0,0
BRDA:48,4,1,0
BRDA:56,5,0,0
BRDA:56,5,1,0
BRDA:63,6,0,0
BRDA:63,6,1,0
BRDA:81,7,0,0
BRDA:81,7,1,0
BRDA:86,8,0,0
BRDA:86,8,1,0
BRDA:93,9,0,0
BRDA:93,9,1,0
BRDA:100,10,0,0
BRDA:100,10,1,0
BRF:21
BRH:0
end_of_record
TN:
SF:src\features\journal\hooks\useJournalEntries.ts
FN:11,decryptJournalEntry
FN:36,useJournalEntries
FN:45,(anonymous_2)
FN:65,(anonymous_3)
FN:74,useCreateJournalEntry
FN:82,(anonymous_5)
FN:108,(anonymous_6)
FN:122,useUpdateJournalEntry
FN:130,(anonymous_8)
FN:179,(anonymous_9)
FN:185,(anonymous_10)
FN:193,useDeleteJournalEntry
FN:201,(anonymous_12)
FN:213,(anonymous_13)
FNF:14
FNH:0
FNDA:0,decryptJournalEntry
FNDA:0,useJournalEntries
FNDA:0,(anonymous_2)
FNDA:0,(anonymous_3)
FNDA:0,useCreateJournalEntry
FNDA:0,(anonymous_5)
FNDA:0,(anonymous_6)
FNDA:0,useUpdateJournalEntry
FNDA:0,(anonymous_8)
FNDA:0,(anonymous_9)
FNDA:0,(anonymous_10)
FNDA:0,useDeleteJournalEntry
FNDA:0,(anonymous_12)
FNDA:0,(anonymous_13)
DA:12,0
DA:13,0
DA:14,0
DA:15,0
DA:16,0
DA:18,0
DA:42,0
DA:43,0
DA:46,0
DA:47,0
DA:52,0
DA:53,0
DA:55,0
DA:56,0
DA:61,0
DA:66,0
DA:78,0
DA:79,0
DA:81,0
DA:83,0
DA:84,0
DA:85,0
DA:87,0
DA:88,0
DA:89,0
DA:90,0
DA:91,0
DA:93,0
DA:100,0
DA:102,0
DA:104,0
DA:105,0
DA:109,0
DA:113,0
DA:126,0
DA:127,0
DA:129,0
DA:131,0
DA:132,0
DA:133,0
DA:134,0
DA:136,0
DA:137,0
DA:138,0
DA:140,0
DA:141,0
DA:142,0
DA:144,0
DA:145,0
DA:146,0
DA:148,0
DA:149,0
DA:150,0
DA:152,0
DA:153,0
DA:154,0
DA:157,0
DA:158,0
DA:159,0
DA:160,0
DA:162,0
DA:163,0
DA:165,0
DA:171,0
DA:173,0
DA:175,0
DA:176,0
DA:180,0
DA:184,0
DA:185,0
DA:197,0
DA:198,0
DA:200,0
DA:202,0
DA:204,0
DA:206,0
DA:207,0
DA:209,0
DA:210,0
DA:214,0
DA:218,0
LF:81
LH:0
BRDA:12,0,0,0
BRDA:12,0,1,0
BRDA:14,1,0,0
BRDA:14,1,1,0
BRDA:15,2,0,0
BRDA:15,2,1,0
BRDA:16,3,0,0
BRDA:16,3,1,0
BRDA:43,4,0,0
BRDA:87,5,0,0
BRDA:87,5,1,0
BRDA:89,6,0,0
BRDA:89,6,1,0
BRDA:90,7,0,0
BRDA:90,7,1,0
BRDA:91,8,0,0
BRDA:91,8,1,0
BRDA:136,9,0,0
BRDA:136,9,1,0
BRDA:138,10,0,0
BRDA:138,10,1,0
BRDA:140,11,0,0
BRDA:140,11,1,0
BRDA:144,12,0,0
BRDA:144,12,1,0
BRDA:146,13,0,0
BRDA:146,13,1,0
BRDA:148,14,0,0
BRDA:148,14,1,0
BRDA:150,15,0,0
BRDA:150,15,1,0
BRDA:152,16,0,0
BRDA:152,16,1,0
BRDA:154,17,0,0
BRDA:154,17,1,0
BRF:35
BRH:0
end_of_record
TN:
SF:src\features\journal\screens\JournalEditorScreen.tsx
FN:29,JournalEditorScreen
FN:48,(anonymous_1)
FN:50,(anonymous_2)
FN:61,(anonymous_3)
FN:68,(anonymous_4)
FN:69,(anonymous_5)
FN:72,(anonymous_6)
FN:178,(anonymous_7)
FN:181,(anonymous_8)
FNF:9
FNH:0
FNDA:0,JournalEditorScreen
FNDA:0,(anonymous_1)
FNDA:0,(anonymous_2)
FNDA:0,(anonymous_3)
FNDA:0,(anonymous_4)
FNDA:0,(anonymous_5)
FNDA:0,(anonymous_6)
FNDA:0,(anonymous_7)
FNDA:0,(anonymous_8)
DA:9,0
DA:17,0
DA:30,0
DA:31,0
DA:32,0
DA:34,0
DA:35,0
DA:36,0
DA:38,0
DA:39,0
DA:40,0
DA:41,0
DA:42,0
DA:43,0
DA:45,0
DA:46,0
DA:48,0
DA:49,0
DA:50,0
DA:51,0
DA:52,0
DA:53,0
DA:54,0
DA:55,0
DA:56,0
DA:61,0
DA:62,0
DA:63,0
DA:64,0
DA:68,0
DA:69,0
DA:72,0
DA:73,0
DA:75,0
DA:76,0
DA:77,0
DA:79,0
DA:81,0
DA:87,0
DA:89,0
DA:179,0
DA:181,0
DA:210,0
LF:43
LH:0
BRDA:49,0,0,0
BRDA:49,0,1,0
BRDA:49,1,0,0
BRDA:49,1,1,0
BRDA:51,2,0,0
BRDA:51,2,1,0
BRDA:52,3,0,0
BRDA:52,3,1,0
BRDA:62,4,0,0
BRDA:62,4,1,0
BRDA:62,5,0,0
BRDA:62,5,1,0
BRDA:73,6,0,0
BRDA:73,6,1,0
BRDA:76,7,0,0
BRDA:76,7,1,0
BRDA:76,8,0,0
BRDA:76,8,1,0
BRDA:77,9,0,0
BRDA:77,9,1,0
BRDA:79,10,0,0
BRDA:79,10,1,0
BRDA:87,11,0,0
BRDA:87,11,1,0
BRDA:116,12,0,0
BRDA:116,12,1,0
BRDA:120,13,0,0
BRDA:120,13,1,0
BRDA:127,14,0,0
BRDA:127,14,1,0
BRDA:131,15,0,0
BRDA:131,15,1,0
BRDA:142,16,0,0
BRDA:142,16,1,0
BRDA:147,17,0,0
BRDA:147,17,1,0
BRDA:147,18,0,0
BRDA:147,18,1,0
BRDA:149,19,0,0
BRDA:149,19,1,0
BRDA:153,20,0,0
BRDA:153,20,1,0
BRDA:197,21,0,0
BRDA:197,21,1,0
BRDA:200,22,0,0
BRDA:200,22,1,0
BRDA:203,23,0,0
BRDA:203,23,1,0
BRF:48
BRH:0
end_of_record
TN:
SF:src\features\journal\screens\JournalListScreen.tsx
FN:14,JournalListScreen
FN:19,(anonymous_1)
FN:25,(anonymous_2)
FN:29,(anonymous_3)
FN:33,(anonymous_4)
FN:37,(anonymous_5)
FN:38,(anonymous_6)
FN:41,(anonymous_7)
FN:71,(anonymous_8)
FNF:9
FNH:0
FNDA:0,JournalListScreen
FNDA:0,(anonymous_1)
FNDA:0,(anonymous_2)
FNDA:0,(anonymous_3)
FNDA:0,(anonymous_4)
FNDA:0,(anonymous_5)
FNDA:0,(anonymous_6)
FNDA:0,(anonymous_7)
FNDA:0,(anonymous_8)
DA:15,0
DA:16,0
DA:17,0
DA:19,0
DA:20,0
DA:21,0
DA:22,0
DA:25,0
DA:29,0
DA:30,0
DA:33,0
DA:34,0
DA:37,0
DA:38,0
DA:41,0
DA:42,0
DA:52,0
DA:71,0
DA:93,0
LF:19
LH:0
BRDA:20,0,0,0
BRDA:20,0,1,0
BRDA:23,1,0,0
BRDA:23,1,1,0
BRDA:23,1,2,0
BRDA:63,2,0,0
BRDA:63,2,1,0
BRF:7
BRH:0
end_of_record
TN:
SF:src\features\profile\screens\ProfileScreen.tsx
FN:8,ProfileScreen
FN:12,(anonymous_1)
FN:47,(anonymous_2)
FN:48,(anonymous_3)
FN:57,(anonymous_4)
FN:58,(anonymous_5)
FN:67,(anonymous_6)
FN:68,(anonymous_7)
FN:84,(anonymous_8)
FN:85,(anonymous_9)
FN:94,(anonymous_10)
FN:95,(anonymous_11)
FNF:12
FNH:0
FNDA:0,ProfileScreen
FNDA:0,(anonymous_1)
FNDA:0,(anonymous_2)
FNDA:0,(anonymous_3)
FNDA:0,(anonymous_4)
FNDA:0,(anonymous_5)
FNDA:0,(anonymous_6)
FNDA:0,(anonymous_7)
FNDA:0,(anonymous_8)
FNDA:0,(anonymous_9)
FNDA:0,(anonymous_10)
FNDA:0,(anonymous_11)
DA:9,0
DA:10,0
DA:12,0
DA:13,0
DA:14,0
DA:15,0
DA:19,0
DA:23,0
DA:47,0
DA:48,0
DA:57,0
DA:58,0
DA:67,0
DA:68,0
DA:84,0
DA:85,0
DA:94,0
DA:95,0
DA:138,0
LF:19
LH:0
BRDA:31,0,0,0
BRDA:31,0,1,0
BRF:2
BRH:0
end_of_record
TN:
SF:src\features\steps\hooks\useStepWork.ts
FN:11,decryptStepWork
FN:31,useStepWork
FN:41,(anonymous_2)
FN:49,(anonymous_3)
FN:72,useSaveStepAnswer
FN:80,(anonymous_5)
FN:118,(anonymous_6)
FN:124,(anonymous_7)
FN:133,useStepProgress
FN:143,(anonymous_9)
FN:157,(anonymous_10)
FN:158,(anonymous_11)
FNF:12
FNH:0
FNDA:0,decryptStepWork
FNDA:0,useStepWork
FNDA:0,(anonymous_2)
FNDA:0,(anonymous_3)
FNDA:0,useSaveStepAnswer
FNDA:0,(anonymous_5)
FNDA:0,(anonymous_6)
FNDA:0,(anonymous_7)
FNDA:0,useStepProgress
FNDA:0,(anonymous_9)
FNDA:0,(anonymous_10)
FNDA:0,(anonymous_11)
DA:12,0
DA:14,0
DA:37,0
DA:39,0
DA:42,0
DA:43,0
DA:48,0
DA:49,0
DA:50,0
DA:51,0
DA:53,0
DA:55,0
DA:56,0
DA:61,0
DA:76,0
DA:77,0
DA:79,0
DA:81,0
DA:82,0
DA:83,0
DA:86,0
DA:91,0
DA:93,0
DA:99,0
DA:102,0
DA:103,0
DA:109,0
DA:112,0
DA:114,0
DA:115,0
DA:119,0
DA:123,0
DA:125,0
DA:139,0
DA:141,0
DA:144,0
DA:145,0
DA:156,0
DA:157,0
DA:158,0
DA:160,0
DA:161,0
DA:163,0
DA:165,0
DA:166,0
DA:171,0
LF:46
LH:0
BRDA:12,0,0,0
BRDA:12,0,1,0
BRDA:51,1,0,0
BRDA:51,1,1,0
BRDA:62,2,0,0
BRDA:62,2,1,0
BRDA:63,3,0,0
BRDA:63,3,1,0
BRDA:91,4,0,0
BRDA:91,4,1,0
BRDA:95,5,0,0
BRDA:95,5,1,0
BRDA:95,6,0,0
BRDA:95,6,1,0
BRDA:105,7,0,0
BRDA:105,7,1,0
BRDA:105,8,0,0
BRDA:105,8,1,0
BRDA:157,9,0,0
BRDA:157,9,1,0
BRDA:160,10,0,0
BRDA:160,10,1,0
BRDA:172,11,0,0
BRDA:172,11,1,0
BRDA:173,12,0,0
BRDA:173,12,1,0
BRDA:174,13,0,0
BRDA:174,13,1,0
BRF:28
BRH:0
end_of_record
TN:
SF:src\features\steps\screens\StepsOverviewScreen.tsx
FN:27,StepsOverviewScreen
FN:30,(anonymous_1)
FN:34,(anonymous_2)
FN:60,(anonymous_3)
FNF:4
FNH:0
FNDA:0,StepsOverviewScreen
FNDA:0,(anonymous_1)
FNDA:0,(anonymous_2)
FNDA:0,(anonymous_3)
DA:12,0
DA:28,0
DA:30,0
DA:31,0
DA:34,0
DA:35,0
DA:38,0
DA:61,0
DA:62,0
DA:64,0
DA:119,0
LF:11
LH:0
BRDA:69,0,0,0
BRDA:69,0,1,0
BRDA:70,1,0,0
BRDA:70,1,1,0
BRDA:78,2,0,0
BRDA:78,2,1,0
BRDA:79,3,0,0
BRDA:79,3,1,0
BRDA:82,4,0,0
BRDA:82,4,1,0
BRDA:85,5,0,0
BRDA:85,5,1,0
BRDA:94,6,0,0
BRDA:94,6,1,0
BRDA:94,6,2,0
BRF:15
BRH:0
end_of_record
TN:
SF:src\lib\supabase.ts
FN:8,(anonymous_0)
FN:11,(anonymous_1)
FN:14,(anonymous_2)
FNF:3
FNH:0
FNDA:0,(anonymous_0)
FNDA:0,(anonymous_1)
FNDA:0,(anonymous_2)
DA:7,0
DA:9,0
DA:12,0
DA:15,0
DA:19,0
DA:20,0
DA:22,0
DA:23,0
DA:28,0
LF:9
LH:0
BRDA:22,0,0,0
BRDA:22,0,1,0
BRDA:22,1,0,0
BRDA:22,1,1,0
BRF:4
BRH:0
end_of_record
TN:
SF:src\navigation\AuthNavigator.tsx
FN:9,AuthNavigator
FNF:1
FNH:0
FNDA:0,AuthNavigator
DA:7,0
DA:10,0
LF:2
LH:0
BRF:0
BRH:0
end_of_record
TN:
SF:src\navigation\MainNavigator.tsx
FN:20,HomeStackNavigator
FN:30,(anonymous_1)
FN:36,(anonymous_2)
FN:42,(anonymous_3)
FN:48,(anonymous_4)
FN:54,JournalStackNavigator
FN:64,(anonymous_6)
FN:70,(anonymous_7)
FN:76,StepsStackNavigator
FN:86,(anonymous_9)
FN:92,MainNavigator
FN:105,(anonymous_11)
FN:114,(anonymous_12)
FN:123,(anonymous_13)
FN:134,(anonymous_14)
FNF:15
FNH:0
FNDA:0,HomeStackNavigator
FNDA:0,(anonymous_1)
FNDA:0,(anonymous_2)
FNDA:0,(anonymous_3)
FNDA:0,(anonymous_4)
FNDA:0,JournalStackNavigator
FNDA:0,(anonymous_6)
FNDA:0,(anonymous_7)
FNDA:0,StepsStackNavigator
FNDA:0,(anonymous_9)
FNDA:0,MainNavigator
FNDA:0,(anonymous_11)
FNDA:0,(anonymous_12)
FNDA:0,(anonymous_13)
FNDA:0,(anonymous_14)
DA:15,0
DA:16,0
DA:17,0
DA:18,0
DA:21,0
DA:22,0
DA:24,0
DA:30,0
DA:36,0
DA:42,0
DA:48,0
DA:55,0
DA:56,0
DA:58,0
DA:64,0
DA:70,0
DA:77,0
DA:78,0
DA:80,0
DA:86,0
DA:93,0
DA:106,0
DA:115,0
DA:124,0
DA:135,0
LF:25
LH:0
BRDA:22,0,0,0
BRDA:22,0,1,0
BRDA:56,1,0,0
BRDA:56,1,1,0
BRDA:78,2,0,0
BRDA:78,2,1,0
BRF:6
BRH:0
end_of_record
TN:
SF:src\navigation\RootNavigator.tsx
FN:14,RootNavigator
FN:19,(anonymous_1)
FN:49,(anonymous_2)
FN:54,(anonymous_3)
FN:61,(anonymous_4)
FN:67,(anonymous_5)
FNF:6
FNH:0
FNDA:0,RootNavigator
FNDA:0,(anonymous_1)
FNDA:0,(anonymous_2)
FNDA:0,(anonymous_3)
FNDA:0,(anonymous_4)
FNDA:0,(anonymous_5)
DA:12,0
DA:15,0
DA:16,0
DA:17,0
DA:19,0
DA:20,0
DA:21,0
DA:22,0
DA:25,0
DA:27,0
DA:33,0
DA:35,0
DA:38,0
DA:42,0
DA:43,0
DA:45,0
DA:49,0
DA:50,0
DA:54,0
DA:55,0
DA:56,0
DA:62,0
DA:67,0
DA:68,0
DA:73,0
DA:74,0
DA:77,0
LF:27
LH:0
BRDA:20,0,0,0
BRDA:20,0,1,0
BRDA:33,1,0,0
BRDA:33,1,1,0
BRDA:33,2,0,0
BRDA:33,2,1,0
BRDA:55,3,0,0
BRDA:55,3,1,0
BRDA:55,4,0,0
BRDA:55,4,1,0
BRDA:73,5,0,0
BRDA:73,5,1,0
BRDA:73,6,0,0
BRDA:73,6,1,0
BRDA:85,7,0,0
BRDA:85,7,1,0
BRDA:91,8,0,0
BRDA:91,8,1,0
BRF:18
BRH:0
end_of_record
TN:
SF:src\navigation\types.ts
FNF:0
FNH:0
LF:0
LH:0
BRF:0
BRH:0
end_of_record
TN:
SF:src\services\syncService.ts
FN:62,generateUUID
FN:63,(anonymous_1)
FN:74,syncJournalEntry
FN:150,syncStepWork
FN:218,syncDailyCheckIn
FN:242,deleteFromSupabase
FN:276,processSyncQueue
FN:368,(anonymous_7)
FN:394,addToSyncQueue
FNF:9
FNH:8
FNDA:85,generateUUID
FNDA:2635,(anonymous_1)
FNDA:86,syncJournalEntry
FNDA:10,syncStepWork
FNDA:3,syncDailyCheckIn
FNDA:0,deleteFromSupabase
FNDA:21,processSyncQueue
FNDA:3,(anonymous_7)
FNDA:4,addToSyncQueue
DA:63,85
DA:64,2635
DA:65,2635
DA:66,2635
DA:79,86
DA:81,86
DA:86,84
DA:87,6
DA:91,78
DA:94,78
DA:95,78
DA:96,1
DA:99,1
DA:101,0
DA:106,78
DA:118,78
DA:124,78
DA:125,3
DA:126,3
DA:130,75
DA:137,75
DA:138,75
DA:140,2
DA:141,2
DA:142,2
DA:155,10
DA:157,10
DA:162,10
DA:163,2
DA:167,8
DA:172,8
DA:174,8
DA:185,8
DA:191,8
DA:192,1
DA:193,1
DA:197,7
DA:204,7
DA:205,7
DA:207,0
DA:208,0
DA:209,0
DA:223,3
DA:226,3
DA:233,3
DA:247,0
DA:248,0
DA:254,0
DA:255,0
DA:256,0
DA:259,0
DA:260,0
DA:262,0
DA:263,0
DA:264,0
DA:281,21
DA:287,21
DA:290,21
DA:298,20
DA:299,6
DA:300,6
DA:303,14
DA:306,14
DA:310,81
DA:315,1
DA:316,1
DA:319,80
DA:321,76
DA:322,76
DA:324,2
DA:325,2
DA:327,1
DA:328,1
DA:330,1
DA:337,81
DA:339,71
DA:340,71
DA:343,10
DA:344,10
DA:350,10
DA:351,10
DA:356,10
DA:366,81
DA:367,3
DA:368,3
DA:372,14
DA:377,14
DA:379,1
DA:380,1
DA:381,1
DA:400,4
DA:401,4
DA:402,4
DA:404,4
DA:410,3
DA:412,1
DA:413,1
LF:97
LH:83
BRDA:65,0,0,2550
BRDA:65,0,1,85
BRDA:86,1,0,6
BRDA:86,1,1,78
BRDA:91,2,0,78
BRDA:91,2,1,77
BRDA:95,3,0,1
BRDA:95,3,1,77
BRDA:109,4,0,78
BRDA:109,4,1,1
BRDA:124,5,0,3
BRDA:124,5,1,75
BRDA:140,6,0,2
BRDA:140,6,1,0
BRDA:162,7,0,2
BRDA:162,7,1,8
BRDA:172,8,0,8
BRDA:172,8,1,1
BRDA:191,9,0,1
BRDA:191,9,1,7
BRDA:207,10,0,0
BRDA:207,10,1,0
BRDA:254,11,0,0
BRDA:254,11,1,0
BRDA:262,12,0,0
BRDA:262,12,1,0
BRDA:279,13,0,19
BRDA:298,14,0,6
BRDA:298,14,1,14
BRDA:310,15,0,1
BRDA:310,15,1,80
BRDA:319,16,0,76
BRDA:319,16,1,2
BRDA:319,16,2,1
BRDA:319,16,3,1
BRDA:337,17,0,71
BRDA:337,17,1,10
BRDA:348,18,0,10
BRDA:348,18,1,0
BRDA:352,19,0,10
BRDA:352,19,1,0
BRDA:366,20,0,3
BRDA:366,20,1,78
BRDA:380,21,0,1
BRDA:380,21,1,0
BRF:45
BRH:35
end_of_record
TN:
SF:src\utils\analytics.ts
FN:12,trackEvent
FN:24,trackScreen
FN:31,trackAppEvent
FN:38,trackFeatureUsage
FNF:4
FNH:0
FNDA:0,trackEvent
FNDA:0,trackScreen
FNDA:0,trackAppEvent
FNDA:0,trackFeatureUsage
DA:13,0
DA:14,0
DA:25,0
DA:32,0
DA:41,0
LF:5
LH:0
BRDA:13,0,0,0
BRDA:13,0,1,0
BRF:2
BRH:0
end_of_record
TN:
SF:src\utils\database.ts
FN:8,initDatabase
FN:101,clearDatabase
FNF:2
FNH:0
FNDA:0,initDatabase
FNDA:0,clearDatabase
DA:10,0
DA:102,0
LF:2
LH:0
BRF:0
BRH:0
end_of_record
TN:
SF:src\utils\encryption.ts
FN:11,getRandomBytes
FN:24,generateUUID
FN:34,generateEncryptionKey
FN:36,(anonymous_3)
FN:44,getEncryptionKey
FN:48,encryptContent
FN:52,(anonymous_6)
FN:59,decryptContent
FN:72,deleteEncryptionKey
FN:77,hasEncryptionKey
FNF:10
FNH:10
FNDA:54,getRandomBytes
FNDA:13,generateUUID
FNDA:13,generateEncryptionKey
FNDA:416,(anonymous_3)
FNDA:76,getEncryptionKey
FNDA:43,encryptContent
FNDA:640,(anonymous_6)
FNDA:22,decryptContent
FNDA:5,deleteEncryptionKey
FNDA:8,hasEncryptionKey
DA:5,1
DA:6,1
DA:12,54
DA:13,0
DA:16,54
DA:17,54
DA:25,13
DA:26,0
DA:29,13
DA:30,13
DA:35,13
DA:36,416
DA:37,13
DA:38,13
DA:39,13
DA:40,12
DA:41,12
DA:45,76
DA:49,43
DA:50,43
DA:51,41
DA:52,640
DA:53,40
DA:54,40
DA:55,40
DA:56,40
DA:60,22
DA:61,22
DA:62,20
DA:63,20
DA:64,16
DA:65,16
DA:66,16
DA:67,16
DA:68,16
DA:69,13
DA:73,5
DA:74,4
DA:78,8
DA:79,8
LF:40
LH:38
BRDA:12,0,0,0
BRDA:12,0,1,54
BRDA:25,1,0,0
BRDA:25,1,1,13
BRDA:50,2,0,2
BRDA:50,2,1,41
BRDA:61,3,0,2
BRDA:61,3,1,20
BRDA:63,4,0,4
BRDA:63,4,1,16
BRDA:63,5,0,20
BRDA:63,5,1,19
BRDA:68,6,0,3
BRDA:68,6,1,13
BRDA:79,7,0,8
BRDA:79,7,1,5
BRF:16
BRH:14
end_of_record
TN:
SF:src\utils\logger.ts
FN:9,(anonymous_0)
FN:17,(anonymous_1)
FN:22,(anonymous_2)
FN:27,(anonymous_3)
FNF:4
FNH:0
FNDA:0,(anonymous_0)
FNDA:0,(anonymous_1)
FNDA:0,(anonymous_2)
FNDA:0,(anonymous_3)
DA:6,1
DA:8,1
DA:10,0
DA:11,0
DA:18,0
DA:19,0
DA:23,0
DA:24,0
DA:28,0
DA:29,0
LF:10
LH:2
BRDA:10,0,0,0
BRDA:10,0,1,0
BRDA:18,1,0,0
BRDA:18,1,1,0
BRDA:23,2,0,0
BRDA:23,2,1,0
BRDA:28,3,0,0
BRDA:28,3,1,0
BRF:8
BRH:0
end_of_record
TN:
SF:src\utils\theme.ts
FNF:0
FNH:0
DA:7,0
DA:45,0
LF:2
LH:0
BRF:0
BRH:0
end_of_record
TN:
SF:src\utils\validation.ts
FN:4,validateEmail
FN:13,validatePassword
FN:41,formatDate
FN:48,calculateDaysSober
FNF:4
FNH:0
FNDA:0,validateEmail
FNDA:0,validatePassword
FNDA:0,formatDate
FNDA:0,calculateDaysSober
DA:5,0
DA:6,0
DA:17,0
DA:19,0
DA:20,0
DA:22,0
DA:23,0
DA:25,0
DA:26,0
DA:28,0
DA:29,0
DA:32,0
DA:42,0
DA:49,0
DA:50,0
DA:51,0
LF:16
LH:0
BRDA:19,0,0,0
BRDA:19,0,1,0
BRDA:22,1,0,0
BRDA:22,1,1,0
BRDA:25,2,0,0
BRDA:25,2,1,0
BRDA:28,3,0,0
BRDA:28,3,1,0
BRF:8
BRH:0
end_of_record
